<?xml version="1.0" encoding="UTF-8"?>
<!-- Generated by org.testng.reporters.JUnitReportReporter -->
<testsuite hostname="BOOK-NU08U3JFHN" failures="0" tests="8" name="Tests.LoginTest" time="2.113" errors="0" timestamp="2025-03-23T16:18:11 IST" skipped="0">
  <testcase classname="Tests.LoginTest" name="testEmptyFields" time="0.212"/>
  <testcase classname="Tests.LoginTest" name="testInvalidUsername" time="0.210"/>
  <testcase classname="Tests.LoginTest" name="testSqlINjection" time="0.204"/>
  <testcase classname="Tests.LoginTest" name="testBlankUsername" time="0.219"/>
  <testcase classname="Tests.LoginTest" name="testBlankPassword" time="0.752"/>
  <testcase classname="Tests.LoginTest" name="testPasswordMasking" time="0.047"/>
  <testcase classname="Tests.LoginTest" name="testInvalidPassword" time="0.219"/>
  <testcase classname="Tests.LoginTest" name="testValidLogin" time="0.250"/>
</testsuite> <!-- Tests.LoginTest -->
