<?xml version="1.0" encoding="UTF-8"?>
<!-- Generated by org.testng.reporters.JUnitReportReporter -->
<testsuite hostname="BOOK-NU08U3JFHN" failures="0" tests="1" name="Tests.ExcelLoginTestCase" time="12.346" errors="0" timestamp="2025-04-04T17:28:36 IST" skipped="0">
  <testcase classname="Tests.ExcelLoginTestCase" name="testLoginFromExcel" time="12.346"/>
</testsuite> <!-- Tests.ExcelLoginTestCase -->
